[    0.000000] Initializing cgroup subsys cpuset
[    0.000000] Initializing cgroup subsys cpu
[    0.000000] Initializing cgroup subsys cpuacct
[    0.000000] Linux version 4.4.0-184-generic (buildd@lgw01-amd64-060) (gcc version 5.4.0 20160609 (Ubuntu 5.4.0-6ubuntu1~16.04.12) ) #214-Ubuntu SMP Thu Jun 4 10:14:11 UTC 2020 (Ubuntu 4.4.0-184.214-generic 4.4.223)
[    0.000000] Command line: BOOT_IMAGE=/boot/vmlinuz-4.4.0-184-generic root=LABEL=cloudimg-rootfs ro console=tty1 console=ttyS0
[    0.000000] KERNEL supported cpus:
[    0.000000]   Intel GenuineIntel
[    0.000000]   AMD AuthenticAMD
[    0.000000]   Centaur CentaurHauls
[    0.000000] x86/fpu: xstate_offset[2]:  576, xstate_sizes[2]:  256
[    0.000000] x86/fpu: Supporting XSAVE feature 0x01: 'x87 floating point registers'
[    0.000000] x86/fpu: Supporting XSAVE feature 0x02: 'SSE registers'
[    0.000000] x86/fpu: Supporting XSAVE feature 0x04: 'AVX registers'
[    0.000000] x86/fpu: Enabled xstate features 0x7, context size is 832 bytes, using 'standard' format.
[    0.000000] e820: BIOS-provided physical RAM map:
[    0.000000] BIOS-e820: [mem 0x0000000000000000-0x000000000009fbff] usable
[    0.000000] BIOS-e820: [mem 0x000000000009fc00-0x000000000009ffff] reserved
[    0.000000] BIOS-e820: [mem 0x00000000000f0000-0x00000000000fffff] reserved
[    0.000000] BIOS-e820: [mem 0x0000000000100000-0x000000001ffeffff] usable
[    0.000000] BIOS-e820: [mem 0x000000001fff0000-0x000000001fffffff] ACPI data
[    0.000000] BIOS-e820: [mem 0x00000000fec00000-0x00000000fec00fff] reserved
[    0.000000] BIOS-e820: [mem 0x00000000fee00000-0x00000000fee00fff] reserved
[    0.000000] BIOS-e820: [mem 0x00000000fffc0000-0x00000000ffffffff] reserved
[    0.000000] NX (Execute Disable) protection: active
[    0.000000] SMBIOS 2.5 present.
[    0.000000] Hypervisor detected: KVM
[    0.000000] e820: last_pfn = 0x1fff0 max_arch_pfn = 0x400000000
[    0.000000] MTRR: Disabled
[    0.000000] x86/PAT: MTRRs disabled, skipping PAT initialization too.
[    0.000000] CPU MTRRs all blank - virtualized system.
[    0.000000] x86/PAT: Configuration [0-7]: WB  WT  UC- UC  WB  WT  UC- UC  
[    0.000000] found SMP MP-table at [mem 0x0009fff0-0x0009ffff] mapped at [ffff88000009fff0]
[    0.000000] Scanning 1 areas for low memory corruption
[    0.000000] RAMDISK: [mem 0x1e886000-0x1f70ffff]
[    0.000000] ACPI: Early table checksum verification disabled
[    0.000000] ACPI: RSDP 0x00000000000E0000 000024 (v02 VBOX  )
[    0.000000] ACPI: XSDT 0x000000001FFF0030 00003C (v01 VBOX   VBOXXSDT 00000001 ASL  00000061)
[    0.000000] ACPI: FACP 0x000000001FFF00F0 0000F4 (v04 VBOX   VBOXFACP 00000001 ASL  00000061)
[    0.000000] ACPI: DSDT 0x000000001FFF0470 0022EA (v02 VBOX   VBOXBIOS 00000002 INTL 20100528)
[    0.000000] ACPI: FACS 0x000000001FFF0200 000040
[    0.000000] ACPI: FACS 0x000000001FFF0200 000040
[    0.000000] ACPI: APIC 0x000000001FFF0240 00005C (v02 VBOX   VBOXAPIC 00000001 ASL  00000061)
[    0.000000] ACPI: SSDT 0x000000001FFF02A0 0001CC (v01 VBOX   VBOXCPUT 00000002 INTL 20100528)
[    0.000000] No NUMA configuration found
[    0.000000] Faking a node at [mem 0x0000000000000000-0x000000001ffeffff]
[    0.000000] NODE_DATA(0) allocated [mem 0x1ffeb000-0x1ffeffff]
[    0.000000] kvm-clock: Using msrs 4b564d01 and 4b564d00
[    0.000000] kvm-clock: cpu 0, msr 0:1ffe3001, primary cpu clock
[    0.000000] kvm-clock: using sched offset of 4710304683 cycles
[    0.000000] clocksource: kvm-clock: mask: 0xffffffffffffffff max_cycles: 0x1cd42e4dffb, max_idle_ns: 881590591483 ns
[    0.000000] Zone ranges:
[    0.000000]   DMA      [mem 0x0000000000001000-0x0000000000ffffff]
[    0.000000]   DMA32    [mem 0x0000000001000000-0x000000001ffeffff]
[    0.000000]   Normal   empty
[    0.000000]   Device   empty
[    0.000000] Movable zone start for each node
[    0.000000] Early memory node ranges
[    0.000000]   node   0: [mem 0x0000000000001000-0x000000000009efff]
[    0.000000]   node   0: [mem 0x0000000000100000-0x000000001ffeffff]
[    0.000000] Initmem setup node 0 [mem 0x0000000000001000-0x000000001ffeffff]
[    0.000000] ACPI: PM-Timer IO Port: 0x4008
[    0.000000] IOAPIC[0]: apic_id 2, version 32, address 0xfec00000, GSI 0-23
[    0.000000] ACPI: INT_SRC_OVR (bus 0 bus_irq 0 global_irq 2 dfl dfl)
[    0.000000] ACPI: INT_SRC_OVR (bus 0 bus_irq 9 global_irq 9 low level)
[    0.000000] Using ACPI (MADT) for SMP configuration information
[    0.000000] smpboot: Allowing 2 CPUs, 0 hotplug CPUs
[    0.000000] PM: Registered nosave memory: [mem 0x00000000-0x00000fff]
[    0.000000] PM: Registered nosave memory: [mem 0x0009f000-0x0009ffff]
[    0.000000] PM: Registered nosave memory: [mem 0x000a0000-0x000effff]
[    0.000000] PM: Registered nosave memory: [mem 0x000f0000-0x000fffff]
[    0.000000] e820: [mem 0x20000000-0xfebfffff] available for PCI devices
[    0.000000] Booting paravirtualized kernel on KVM
[    0.000000] clocksource: refined-jiffies: mask: 0xffffffff max_cycles: 0xffffffff, max_idle_ns: 7645519600211568 ns
[    0.000000] setup_percpu: NR_CPUS:512 nr_cpumask_bits:512 nr_cpu_ids:2 nr_node_ids:1
[    0.000000] PERCPU: Embedded 33 pages/cpu @ffff88001fc00000 s95448 r8192 d31528 u1048576
[    0.000000] Built 1 zonelists in Node order, mobility grouping on.  Total pages: 128888
[    0.000000] Policy zone: DMA32
[    0.000000] Kernel command line: BOOT_IMAGE=/boot/vmlinuz-4.4.0-184-generic root=LABEL=cloudimg-rootfs ro console=tty1 console=ttyS0
[    0.000000] PID hash table entries: 2048 (order: 2, 16384 bytes)
[    0.000000] Memory: 481580K/523832K available (8632K kernel code, 1336K rwdata, 4036K rodata, 1492K init, 1292K bss, 42252K reserved, 0K cma-reserved)
[    0.000000] SLUB: HWalign=64, Order=0-3, MinObjects=0, CPUs=2, Nodes=1
[    0.000000] Kernel/User page tables isolation: enabled
[    0.000000] Hierarchical RCU implementation.
[    0.000000] 	Build-time adjustment of leaf fanout to 64.
[    0.000000] 	RCU restricting CPUs from NR_CPUS=512 to nr_cpu_ids=2.
[    0.000000] RCU: Adjusting geometry for rcu_fanout_leaf=64, nr_cpu_ids=2
[    0.000000] NR_IRQS:33024 nr_irqs:440 16
[    0.000000] Console: colour VGA+ 80x25
[    0.000000] console [tty1] enabled
[    0.000000] console [ttyS0] enabled
[    0.000000] tsc: Detected 2592.000 MHz processor
[    0.306440] Calibrating delay loop (skipped) preset value.. 5184.00 BogoMIPS (lpj=10368000)
[    0.309560] pid_max: default: 32768 minimum: 301
[    0.310962] ACPI: Core revision 20150930
[    0.315668] ACPI: 2 ACPI AML tables successfully acquired and loaded
[    0.319203] Security Framework initialized
[    0.320956] Yama: becoming mindful.
[    0.322872] AppArmor: AppArmor initialized
[    0.324620] Dentry cache hash table entries: 65536 (order: 7, 524288 bytes)
[    0.327902] Inode-cache hash table entries: 32768 (order: 6, 262144 bytes)
[    0.331886] Mount-cache hash table entries: 1024 (order: 1, 8192 bytes)
[    0.334868] Mountpoint-cache hash table entries: 1024 (order: 1, 8192 bytes)
[    0.337986] Initializing cgroup subsys io
[    0.340221] Initializing cgroup subsys memory
[    0.342116] Initializing cgroup subsys devices
[    0.343858] Initializing cgroup subsys freezer
[    0.345885] Initializing cgroup subsys net_cls
[    0.347600] Initializing cgroup subsys perf_event
[    0.350292] Initializing cgroup subsys net_prio
[    0.351860] Initializing cgroup subsys hugetlb
[    0.353664] Initializing cgroup subsys pids
[    0.357238] mce: CPU supports 0 MCE banks
[    0.359508] Last level iTLB entries: 4KB 64, 2MB 8, 4MB 8
[    0.361543] Last level dTLB entries: 4KB 64, 2MB 0, 4MB 0, 1GB 4
[    0.363769] Spectre V1 : Mitigation: usercopy/swapgs barriers and __user pointer sanitization
[    0.366706] Spectre V2 : Mitigation: Full generic retpoline
[    0.369267] Spectre V2 : Spectre v2 / SpectreRSB mitigation: Filling RSB on context switch
[    0.373989] Speculative Store Bypass: Vulnerable
[    0.375330] SRBDS: Unknown: Dependent on hypervisor status
[    0.377252] MDS: Mitigation: Clear CPU buffers
[    0.385842] Freeing SMP alternatives memory: 36K
[    0.400414] ftrace: allocating 32319 entries in 127 pages
[    0.531612] smpboot: APIC(0) Converting physical 0 to logical package 0
[    0.534093] smpboot: Max logical packages: 1
[    0.537701] x2apic enabled
[    0.540809] Switched APIC routing to physical x2apic.
[    0.545137] ..TIMER: vector=0x30 apic1=0 pin1=2 apic2=-1 pin2=-1
[    0.655365] smpboot: CPU0: Intel(R) Core(TM) i7-6500U CPU @ 2.50GHz (family: 0x6, model: 0x4e, stepping: 0x3)
[    0.659984] Performance Events: unsupported p6 CPU model 78 no PMU driver, software events only.
[    0.683369] KVM setup paravirtual spinlock
[    0.686549] x86: Booting SMP configuration:
[    0.688347] .... node  #0, CPUs:      #1
[    0.690056] kvm-clock: cpu 1, msr 0:1ffe3041, secondary cpu clock
[    0.692853] mce: CPU supports 0 MCE banks
[    0.698563] x86: Booted up 1 node, 2 CPUs
[    0.701559] smpboot: Total of 2 processors activated (10368.00 BogoMIPS)
[    0.708764] devtmpfs: initialized
[    0.712698] evm: security.selinux
[    0.714233] evm: security.SMACK64
[    0.716117] evm: security.SMACK64EXEC
[    0.718535] evm: security.SMACK64TRANSMUTE
[    0.720189] evm: security.SMACK64MMAP
[    0.721971] evm: security.ima
[    0.723598] evm: security.capability
[    0.725564] clocksource: jiffies: mask: 0xffffffff max_cycles: 0xffffffff, max_idle_ns: 7645041785100000 ns
[    0.729571] futex hash table entries: 512 (order: 3, 32768 bytes)
[    0.731940] pinctrl core: initialized pinctrl subsystem
[    0.734387] RTC time:  7:51:17, date: 06/11/20
[    0.737643] NET: Registered protocol family 16
[    0.751558] cpuidle: using governor ladder
[    0.764190] cpuidle: using governor menu
[    0.765877] PCCT header not found.
[    0.767718] ACPI: bus type PCI registered
[    0.770152] acpiphp: ACPI Hot Plug PCI Controller Driver version: 0.5
[    0.772614] PCI: Using configuration type 1 for base access
[    0.792263] ACPI: Added _OSI(Module Device)
[    0.794246] ACPI: Added _OSI(Processor Device)
[    0.796271] ACPI: Added _OSI(3.0 _SCP Extensions)
[    0.798528] ACPI: Added _OSI(Processor Aggregator Device)
[    0.802420] ACPI: Executed 1 blocks of module-level executable AML code
[    0.810779] ACPI: Interpreter enabled
[    0.812827] ACPI: (supports S0 S5)
[    0.814317] ACPI: Using IOAPIC for interrupt routing
[    0.817013] PCI: Using host bridge windows from ACPI; if necessary, use "pci=nocrs" and report a bug
[    0.837750] ACPI: PCI Root Bridge [PCI0] (domain 0000 [bus 00-ff])
[    0.840192] acpi PNP0A03:00: _OSC: OS supports [ASPM ClockPM Segments MSI]
[    0.843822] acpi PNP0A03:00: _OSC: not requesting OS control; OS requires [ExtendedConfig ASPM ClockPM MSI]
[    0.848005] acpi PNP0A03:00: fail to add MMCONFIG information, can't access extended PCI configuration space under this bridge.
[    0.853553] PCI host bridge to bus 0000:00
[    0.855678] pci_bus 0000:00: root bus resource [io  0x0000-0x0cf7 window]
[    0.858583] pci_bus 0000:00: root bus resource [io  0x0d00-0xffff window]
[    0.860982] pci_bus 0000:00: root bus resource [mem 0x000a0000-0x000bffff window]
[    0.863669] pci_bus 0000:00: root bus resource [mem 0x20000000-0xfdffffff window]
[    0.866676] pci_bus 0000:00: root bus resource [bus 00-ff]
[    0.874968] pci 0000:00:01.1: legacy IDE quirk: reg 0x10: [io  0x01f0-0x01f7]
[    0.877414] pci 0000:00:01.1: legacy IDE quirk: reg 0x14: [io  0x03f6]
[    0.879872] pci 0000:00:01.1: legacy IDE quirk: reg 0x18: [io  0x0170-0x0177]
[    0.907679] pci 0000:00:01.1: legacy IDE quirk: reg 0x1c: [io  0x0376]
[    0.931792] pci 0000:00:07.0: quirk: [io  0x4000-0x403f] claimed by PIIX4 ACPI
[    0.935144] pci 0000:00:07.0: quirk: [io  0x4100-0x410f] claimed by PIIX4 SMB
[    0.948755] ACPI: PCI Interrupt Link [LNKA] (IRQs 5 9 10 *11)
[    0.953208] ACPI: PCI Interrupt Link [LNKB] (IRQs 5 9 *10 11)
[    0.956407] ACPI: PCI Interrupt Link [LNKC] (IRQs 5 *9 10 11)
[    0.962100] ACPI: PCI Interrupt Link [LNKD] (IRQs 5 9 10 *11)
[    0.966531] ACPI: Enabled 2 GPEs in block 00 to 07
[    0.970455] vgaarb: setting as boot device: PCI:0000:00:02.0
[    0.972704] vgaarb: device added: PCI:0000:00:02.0,decodes=io+mem,owns=io+mem,locks=none
[    0.975723] vgaarb: loaded
[    0.977101] vgaarb: bridge control possible 0000:00:02.0
[    0.979351] SCSI subsystem initialized
[    0.981924] ACPI: bus type USB registered
[    0.983734] usbcore: registered new interface driver usbfs
[    0.986189] usbcore: registered new interface driver hub
[    0.988247] usbcore: registered new device driver usb
[    0.990578] PCI: Using ACPI for IRQ routing
[    0.992913] NetLabel: Initializing
[    0.994487] NetLabel:  domain hash size = 128
[    0.996418] NetLabel:  protocols = UNLABELED CIPSOv4
[    0.998692] NetLabel:  unlabeled traffic allowed by default
[    1.008802] amd_nb: Cannot enumerate AMD northbridges
[    1.011544] clocksource: Switched to clocksource kvm-clock
[    1.035546] AppArmor: AppArmor Filesystem Enabled
[    1.038616] pnp: PnP ACPI init
[    1.042960] pnp: PnP ACPI: found 3 devices
[    1.058555] clocksource: acpi_pm: mask: 0xffffff max_cycles: 0xffffff, max_idle_ns: 2085701024 ns
[    1.064478] NET: Registered protocol family 2
[    1.066502] TCP established hash table entries: 4096 (order: 3, 32768 bytes)
[    1.070617] TCP bind hash table entries: 4096 (order: 4, 65536 bytes)
[    1.073449] TCP: Hash tables configured (established 4096 bind 4096)
[    1.075975] UDP hash table entries: 256 (order: 1, 8192 bytes)
[    1.078176] UDP-Lite hash table entries: 256 (order: 1, 8192 bytes)
[    1.080640] NET: Registered protocol family 1
[    1.082558] pci 0000:00:00.0: Limiting direct PCI/PCI transfers
[    1.085127] pci 0000:00:01.0: Activating ISA DMA hang workarounds
[    1.089916] Unpacking initramfs...
[    1.444574] Freeing initrd memory: 14888K
[    1.446093] clocksource: tsc: mask: 0xffffffffffffffff max_cycles: 0x255cb6cc5db, max_idle_ns: 440795203504 ns
[    1.449840] platform rtc_cmos: registered platform RTC device (no PNP device found)
[    1.453869] Scanning for low memory corruption every 60 seconds
[    1.456897] audit: initializing netlink subsys (disabled)
[    1.460154] audit: type=2000 audit(1591861883.753:1): initialized
[    1.464182] Initialise system trusted keyring
[    1.466389] HugeTLB registered 2 MB page size, pre-allocated 0 pages
[    1.472213] zbud: loaded
[    1.474131] VFS: Disk quotas dquot_6.6.0
[    1.475499] VFS: Dquot-cache hash table entries: 512 (order 0, 4096 bytes)
[    1.478323] squashfs: version 4.0 (2009/01/31) Phillip Lougher
[    1.480866] fuse init (API version 7.23)
[    1.482742] Key type big_key registered
[    1.484464] Allocating IMA MOK and blacklist keyrings.
[    1.488477] Key type asymmetric registered
[    1.490024] Asymmetric key parser 'x509' registered
[    1.491719] Block layer SCSI generic (bsg) driver version 0.4 loaded (major 249)
[    1.494705] io scheduler noop registered
[    1.496259] io scheduler deadline registered (default)
[    1.498168] io scheduler cfq registered
[    1.500399] pci_hotplug: PCI Hot Plug PCI Core version: 0.5
[    1.506252] pciehp: PCI Express Hot Plug Controller Driver version: 0.4
[    1.509604] ACPI: AC Adapter [AC] (on-line)
[    1.511475] input: Power Button as /devices/LNXSYSTM:00/LNXPWRBN:00/input/input0
[    1.514937] ACPI: Power Button [PWRF]
[    1.517353] input: Sleep Button as /devices/LNXSYSTM:00/LNXSLPBN:00/input/input1
[    1.530191] ACPI: Sleep Button [SLPF]
[    1.535021] GHES: HEST is not enabled!
[    1.537570] Serial: 8250/16550 driver, 32 ports, IRQ sharing enabled
[    1.537587] ACPI: Battery Slot [BAT0] (battery present)
[    1.569106] 00:02: ttyS0 at I/O 0x3f8 (irq = 4, base_baud = 115200) is a 16550A
[    1.578288] Linux agpgart interface v0.103
[    1.586136] loop: module loaded
[    1.590101] scsi host0: ata_piix
[    1.592293] scsi host1: ata_piix
[    1.593904] ata1: PATA max UDMA/33 cmd 0x1f0 ctl 0x3f6 bmdma 0xd000 irq 14
[    1.596503] ata2: PATA max UDMA/33 cmd 0x170 ctl 0x376 bmdma 0xd008 irq 15
[    1.599215] libphy: Fixed MDIO Bus: probed
[    1.602103] tun: Universal TUN/TAP device driver, 1.6
[    1.605040] tun: (C) 1999-2004 Max Krasnyansky <maxk@qualcomm.com>
[    1.610423] PPP generic driver version 2.4.2
[    1.612310] ehci_hcd: USB 2.0 'Enhanced' Host Controller (EHCI) Driver
[    1.614475] ehci-pci: EHCI PCI platform driver
[    1.616196] ehci-platform: EHCI generic platform driver
[    1.619029] ohci_hcd: USB 1.1 'Open' Host Controller (OHCI) Driver
[    1.622401] ohci-pci: OHCI PCI platform driver
[    1.624954] ohci-platform: OHCI generic platform driver
[    1.629119] uhci_hcd: USB Universal Host Controller Interface driver
[    1.633021] i8042: PNP: PS/2 Controller [PNP0303:PS2K,PNP0f03:PS2M] at 0x60,0x64 irq 1,12
[    1.638469] serio: i8042 KBD port at 0x60,0x64 irq 1
[    1.640489] serio: i8042 AUX port at 0x60,0x64 irq 12
[    1.642918] mousedev: PS/2 mouse device common for all mice
[    1.645094] input: AT Translated Set 2 keyboard as /devices/platform/i8042/serio0/input/input2
[    1.649283] rtc_cmos rtc_cmos: rtc core: registered rtc_cmos as rtc0
[    1.652198] rtc_cmos rtc_cmos: alarms up to one day, 114 bytes nvram
[    1.654340] i2c /dev entries driver
[    1.656059] device-mapper: uevent: version 1.0.3
[    1.657842] device-mapper: ioctl: 4.34.0-ioctl (2015-10-28) initialised: dm-devel@redhat.com
[    1.661099] ledtrig-cpu: registered to indicate activity on CPUs
[    1.664205] NET: Registered protocol family 10
[    1.666356] NET: Registered protocol family 17
[    1.668883] Key type dns_resolver registered
[    1.671857] registered taskstats version 1
[    1.674341] Loading compiled-in X.509 certificates
[    1.677881] Loaded X.509 cert 'Build time autogenerated kernel key: b6ae09eed57f82583ccd3c65c463e852cdd7a0b5'
[    1.681446] zswap: loaded using pool lzo/zbud
[    1.686843] Key type trusted registered
[    1.698900] Key type encrypted registered
[    1.701059] AppArmor: AppArmor sha1 policy hashing enabled
[    1.704168] ima: No TPM chip found, activating TPM-bypass!
[    1.706168] ima: Allocated hash algorithm: sha1
[    1.707641] evm: HMAC attrs: 0x1
[    1.709684]   Magic number: 8:904:874
[    1.711961] rtc_cmos rtc_cmos: setting system clock to 2020-06-11 07:51:18 UTC (1591861878)
[    1.715860] BIOS EDD facility v0.16 2004-Jun-25, 0 devices found
[    1.719151] EDD information not available.
[    1.757598] Freeing unused kernel memory: 1492K
[    1.759318] Write protecting the kernel read-only data: 14336k
[    1.761882] Freeing unused kernel memory: 1596K
[    1.764227] Freeing unused kernel memory: 60K
Loading, please wait...
starting version 229
[    1.790864] random: systemd-udevd: uninitialized urandom read (16 bytes read, 5 bits of entropy available)
[    1.792249] random: udevadm: uninitialized urandom read (16 bytes read, 5 bits of entropy available)
[    1.792271] random: udevadm: uninitialized urandom read (16 bytes read, 5 bits of entropy available)
[    1.807079] random: systemd-udevd: uninitialized urandom read (16 bytes read, 5 bits of entropy available)
[    1.809699] random: udevadm: uninitialized urandom read (16 bytes read, 5 bits of entropy available)
[    1.809761] random: udevadm: uninitialized urandom read (16 bytes read, 5 bits of entropy available)
[    1.809974] random: udevadm: uninitialized urandom read (16 bytes read, 5 bits of entropy available)
[    1.810048] random: udevadm: uninitialized urandom read (16 bytes read, 5 bits of entropy available)
[    1.810118] random: udevadm: uninitialized urandom read (16 bytes read, 5 bits of entropy available)
[    1.810194] random: udevadm: uninitialized urandom read (16 bytes read, 5 bits of entropy available)
[    1.894514] Fusion MPT base driver 3.04.20
[    1.896645] Copyright (c) 1999-2008 LSI Corporation
[    1.896712] e1000: Intel(R) PRO/1000 Network Driver - version 7.3.21-k8-NAPI
[    1.896712] e1000: Copyright (c) 1999-2006 Intel Corporation.
[    1.939454] Fusion MPT SPI Host driver 3.04.20
[    1.966114] AVX2 version of gcm_enc/dec engaged.
[    1.968450] AES CTR mode by8 optimization enabled
[    2.144346] input: ImExPS/2 Generic Explorer Mouse as /devices/platform/i8042/serio1/input/input4
[    2.501055] e1000 0000:00:03.0 eth0: (PCI:33MHz:32-bit) 02:fd:3e:94:53:22
[    2.503506] e1000 0000:00:03.0 eth0: Intel(R) PRO/1000 Network Connection
[    2.509477] mptbase: ioc0: Initiating bringup
[    2.510033] e1000 0000:00:03.0 enp0s3: renamed from eth0
[    2.580078] ioc0: LSI53C1030 A0: Capabilities={Initiator}
[    2.745315] scsi host2: ioc0: LSI53C1030 A0, FwRev=00000000h, Ports=1, MaxQ=256, IRQ=20
[    2.864186] scsi 2:0:0:0: Direct-Access     VBOX     HARDDISK         1.0  PQ: 0 ANSI: 5
[    2.867762] scsi target2:0:0: Beginning Domain Validation
[    2.873110] scsi target2:0:0: Domain Validation skipping write tests
[    2.875286] scsi target2:0:0: Ending Domain Validation
[    2.877523] scsi target2:0:0: asynchronous
[    2.880095] scsi 2:0:1:0: Direct-Access     VBOX     HARDDISK         1.0  PQ: 0 ANSI: 5
[    2.883709] scsi target2:0:1: Beginning Domain Validation
[    2.888930] scsi target2:0:1: Domain Validation skipping write tests
[    2.891743] scsi target2:0:1: Ending Domain Validation
[    2.923813] scsi target2:0:1: asynchronous
[    2.943986] sd 2:0:0:0: Attached scsi generic sg0 type 0
[    2.946153] sd 2:0:0:0: [sda] 20971520 512-byte logical blocks: (10.7 GB/10.0 GiB)
[    2.949968] sd 2:0:0:0: [sda] Write Protect is off
[    2.952523] sd 2:0:1:0: Attached scsi generic sg1 type 0
[    2.953500] sd 2:0:1:0: [sdb] 20480 512-byte logical blocks: (10.5 MB/10.0 MiB)
[    2.954119] sd 2:0:1:0: [sdb] Write Protect is off
[    2.954302] sd 2:0:1:0: [sdb] Incomplete mode parameter data
[    2.954304] sd 2:0:1:0: [sdb] Assuming drive cache: write through
[    2.956211] sd 2:0:0:0: [sda] Incomplete mode parameter data
[    2.956213] sd 2:0:0:0: [sda] Assuming drive cache: write through
[    2.968771]  sda: sda1
[    2.970668] sd 2:0:0:0: [sda] Attached SCSI disk
[    2.971192] sd 2:0:1:0: [sdb] Attached SCSI disk
Begin: Loading essential drivers ... [    4.915267] md: linear personality registered for level -1
[    4.922296] md: multipath personality registered for level -4
[    4.928243] md: raid0 personality registered for level 0
[    4.935838] md: raid1 personality registered for level 1
[    5.011628] raid6: sse2x1   gen()  4658 MB/s
[    5.080124] raid6: sse2x1   xor()  3337 MB/s
[    5.148344] raid6: sse2x2   gen()  5142 MB/s
[    5.216409] raid6: sse2x2   xor()  5325 MB/s
[    5.284703] raid6: sse2x4   gen()  8841 MB/s
[    5.352173] raid6: sse2x4   xor()  5710 MB/s
[    5.420446] raid6: avx2x1   gen() 11821 MB/s
[    5.488320] raid6: avx2x2   gen() 16676 MB/s
[    5.555722] raid6: avx2x4   gen() 17747 MB/s
[    5.557192] raid6: using algorithm avx2x4 gen() 17747 MB/s
[    5.558807] raid6: using avx2x2 recovery algorithm
[    5.561624] xor: automatically using best checksumming function:
[    5.603719]    avx       : 19786.000 MB/sec
[    5.606972] async_tx: api initialized (async)
[    5.620609] md: raid6 personality registered for level 6
[    5.624712] md: raid5 personality registered for level 5
[    5.626895] md: raid4 personality registered for level 4
[    5.635811] md: raid10 personality registered for level 10
done.
Begin: Running /scripts/init-premount ... done.
Begin: Mounting root file system ... Begin: Running /scripts/local-top ... done.
Begin: Running /scripts/local-premount ... [    5.690589] Btrfs loaded
Scanning for Btrfs filesystems
done.
Warning: fsck not present, so skipping root file system
[    5.736618] EXT4-fs (sda1): INFO: recovery required on readonly filesystem
[    5.738761] EXT4-fs (sda1): write access will be enabled during recovery
[    5.782321] EXT4-fs (sda1): recovery complete
[    5.784373] EXT4-fs (sda1): mounted filesystem with ordered data mode. Opts: (null)
done.
Begin: Running /scripts/local-bottom ... done.
Begin: Running /scripts/init-bottom ... done.
[    5.966096] systemd[1]: systemd 229 running in system mode. (+PAM +AUDIT +SELINUX +IMA +APPARMOR +SMACK +SYSVINIT +UTMP +LIBCRYPTSETUP +GCRYPT +GNUTLS +ACL +XZ -LZ4 +SECCOMP +BLKID +ELFUTILS +KMOD -IDN)
[    5.971483] systemd[1]: Detected virtualization oracle.
[    5.973648] systemd[1]: Detected architecture x86-64.

Welcome to [1mUbuntu 16.04.6 LTS[0m!

[    5.983669] systemd[1]: Set hostname to <ubuntu-xenial>.
[    6.212833] systemd[1]: Reached target User and Group Name Lookups.
[[0;32m  OK  [0m] Reached target User and Group Name Lookups.
[    6.216086] systemd[1]: Started Forward Password Requests to Wall Directory Watch.
[[0;32m  OK  [0m] Started Forward Password Requests to Wall Directory Watch.
[    6.220504] systemd[1]: Started Trigger resolvconf update for networkd DNS.
[[0;32m  OK  [0m] Started Trigger resolvconf update for networkd DNS.
[    6.226633] systemd[1]: Listening on /dev/initctl Compatibility Named Pipe.
[[0;32m  OK  [0m] Listening on /dev/initctl Compatibility Named Pipe.
[    6.234522] systemd[1]: Listening on LVM2 metadata daemon socket.
[[0;32m  OK  [0m] Listening on LVM2 metadata daemon socket.
[    6.244420] systemd[1]: Listening on LVM2 poll daemon socket.
[[0;32m  OK  [0m] Listening on LVM2 poll daemon socket.
[    6.247618] systemd[1]: Created slice User and Session Slice.
[[0;32m  OK  [0m] Created slice User and Session Slice.
[    6.250959] systemd[1]: Created slice System Slice.
[[0;32m  OK  [0m] Created slice System Slice.
[    6.260428] systemd[1]: Created slice system-serial\x2dgetty.slice.
[[0;32m  OK  [0m] Created slice system-serial\x2dgetty.slice.
[    6.270206] systemd[1]: Listening on Journal Socket.
[[0;32m  OK  [0m] Listening on Journal Socket.
[    6.285297] systemd[1]: Mounting Debug File System...
         Mounting Debug File System...
[    6.293254] systemd[1]: Starting Set console keymap...
         Starting Set console keymap...
[    6.302270] systemd[1]: Mounting Huge Pages File System...
         Mounting Huge Pages File System...
[    6.309866] systemd[1]: Reached target Swap.
[[0;32m  OK  [0m] Reached target Swap.
[    6.314114] systemd[1]: Set up automount Arbitrary Executable File Formats File System Automount Point.
[[0;32m  OK  [0m] Set up automount Arbitrary Executab...ats File System Automount Point.
[    6.323002] systemd[1]: Reached target Slices.
[[0;32m  OK  [0m] Reached target Slices.
[    6.345738] systemd[1]: Starting Uncomplicated firewall...
         Starting Uncomplicated firewall...
[    6.350076] systemd[1]: Listening on udev Control Socket.
[[0;32m  OK  [0m] Listening on udev Control Socket.
[    6.362123] systemd[1]: Mounting POSIX Message Queue File System...
         Mounting POSIX Message Queue File System...
[    6.369188] systemd[1]: Reached target System Time Synchronized.
[[0;32m  OK  [0m] Reached target System Time Synchronized.
[    6.375961] systemd[1]: Starting Nameserver information manager...
         Starting Nameserver information manager...
[    6.380355] systemd[1]: Reached target Encrypted Volumes.
[[0;32m  OK  [0m] Reached target Encrypted Volumes.
[    6.384161] systemd[1]: Listening on Journal Socket (/dev/log).
[[0;32m  OK  [0m] Listening on Journal Socket (/dev/log).
[    6.396160] systemd[1]: Listening on udev Kernel Socket.
[[0;32m  OK  [0m] Listening on udev Kernel Socket.
[    6.400191] systemd[1]: Listening on Device-mapper event daemon FIFOs.
[[0;32m  OK  [0m] Listening on Device-mapper event daemon FIFOs.
[    6.416112] systemd[1]: Listening on Syslog Socket.
[[0;32m  OK  [0m] Listening on Syslog Socket.
[    6.444839] systemd[1]: Starting Monitoring of LVM2 mirrors, snapshots etc. using dmeventd or progress polling...
         Starting Monitoring of LVM2 mirrors... dmeventd or progress polling...
[    6.450540] systemd[1]: Listening on Journal Audit Socket.
[[0;32m  OK  [0m] Listening on Journal Audit Socket.
[    6.456569] systemd[1]: Starting Journal Service...
         Starting Journal Service...
[    6.465491] systemd[1]: Starting Load Kernel Modules...
         Starting Load Kernel Modules...
[    6.481778] systemd[1]: Starting Remount Root and Kernel File Systems...
         Starting Remount Root and Kernel File Systems...
[    6.494129] EXT4-fs (sda1): re-mounted. Opts: (null)
[    6.508663] Loading iSCSI transport class v2.0-870.
[    6.518353] random: nonblocking pool is initialized
[    6.520399] systemd[1]: Starting Create list of required static device nodes for the current kernel...
         Starting Create list of required st... nodes for the current kernel...
[    6.530286] systemd[1]: Mounted Debug File System.
[[0;32m  OK  [0m] Mounted Debug File System.
[    6.533754] systemd[1]: Mounted Huge Pages File System.
[[0;32m  OK  [0m] Mounted Huge Pages File System.
[    6.537632] systemd[1]: Mounted POSIX Message Queue File System.
[[0;32m  OK  [0m] Mounted POSIX Message Queue File System.
[    6.547305] systemd[1]: Started Set console keymap.
[[0;32m  OK  [0m] Started Set console keymap.
[    6.553092] iscsi: registered transport (tcp)
[    6.563982] systemd[1]: Started Uncomplicated firewall.
[[0;32m  OK  [0m] Started Uncomplicated firewall.
[    6.569438] systemd[1]: Started Remount Root and Kernel File Systems.
[[0;32m  OK  [0m] Started Remount Root and Kernel File Systems.
[    6.577240] systemd[1]: Started Create list of required static device nodes for the current kernel.
[[0;32m  OK  [0m] Started Create list of required sta...ce nodes for the current kernel.
[    6.596705] systemd[1]: Started Nameserver information manager.
[[0;32m  OK  [0m] Started Nameserver information manager.
[    6.603563] systemd[1]: Started Journal Service.
[[0;32m  OK  [0m] Started Journal Service.
[[0;32m  OK  [0m] Started LVM2 metadata daemon.
         Starting Create Static Device Nodes in /dev...
         Starting Flush Journal to Persistent Storage...
         Starting Load/Save Random Seed...
         Starting udev Coldplug all Devices...
[    6.636995] systemd-journald[392]: Received request to flush runtime journal from PID 1
[[0;32m  OK  [0m] Started Load/Save Random Seed.
[    6.653164] iscsi: registered transport (iser)
[[0;32m  OK  [0m] Started Flush Journal to Persistent Storage.
[[0;32m  OK  [0m] Started Load Kernel Modules.
         Starting Apply Kernel Variables...
         Mounting FUSE Control File System...
[[0;32m  OK  [0m] Mounted FUSE Control File System.
[[0;32m  OK  [0m] Started Apply Kernel Variables.
[[0;32m  OK  [0m] Started Create Static Device Nodes in /dev.
         Starting udev Kernel Device Manager...
[[0;32m  OK  [0m] Started udev Coldplug all Devices.
[[0;32m  OK  [0m] Started udev Kernel Device Manager.
[[0;32m  OK  [0m] Started Dispatch Password Requests to Console Directory Watch.
[[0;32m  OK  [0m] Found device /dev/ttyS0.
[[0;32m  OK  [0m] Listening on Load/Save RF Kill Switch Status /dev/rfkill Watch.
[[0;32m  OK  [0m] Started Monitoring of LVM2 mirrors,...ng dmeventd or progress polling.
[[0;32m  OK  [0m] Reached target Local File Systems (Pre).
[[0;32m  OK  [0m] Reached target Local File Systems.
         Starting Create Volatile Files and Directories...
         Starting Tell Plymouth To Write Out Runtime Data...
         Starting LSB: AppArmor initialization...
         Starting Set console font and keymap...
         Starting Initial cloud-init job (pre-networking)...
[[0;32m  OK  [0m] Started Create Volatile Files and Directories.
[[0;32m  OK  [0m] Started Tell Plymouth To Write Out Runtime Data.
         Starting Update UTMP about System Boot/Shutdown...
[[0;32m  OK  [0m] Found device 82540EM Gigabit Ethern...r (PRO/1000 MT Desktop Adapter).
[[0;32m  OK  [0m] Started Update UTMP about System Boot/Shutdown.
[[0;32m  OK  [0m] Started LSB: AppArmor initialization.
[[0;32m  OK  [0m] Started Set console font and keymap.
[[0;32m  OK  [0m] Created slice system-getty.slice.
[   10.562731] cloud-init[640]: Cloud-init v. 19.4-33-gbb4131a2-0ubuntu1~16.04.1 running 'init-local' at Thu, 11 Jun 2020 07:51:27 +0000. Up 9.79 seconds.
[[0;32m  OK  [0m] Started Initial cloud-init job (pre-networking).
[[0;32m  OK  [0m] Reached target Network (Pre).
[[0;32m  OK  [0m] Started ifup for enp0s3.
         Starting Raise network interfaces...
[[0;32m  OK  [0m] Started Raise network interfaces.
         Starting Initial cloud-init job (metadata service crawler)...
[[0;32m  OK  [0m] Reached target Network.
[   12.936392] cloud-init[990]: Cloud-init v. 19.4-33-gbb4131a2-0ubuntu1~16.04.1 running 'init' at Thu, 11 Jun 2020 07:51:29 +0000. Up 12.01 seconds.
[   12.940251] cloud-init[990]: ci-info: ++++++++++++++++++++++++++++++++++++++Net device info++++++++++++++++++++++++++++++++++++++
[   12.946578] cloud-init[990]: ci-info: +--------+------+----------------------------+---------------+--------+-------------------+
[   12.950053] cloud-init[990]: ci-info: | Device |  Up  |          Address           |      Mask     | Scope  |     Hw-Address    |
[   12.952893] cloud-init[990]: ci-info: +--------+------+----------------------------+---------------+--------+-------------------+
[   12.958916] cloud-init[990]: ci-info: | enp0s3 | True |         10.0.2.15          | 255.255.255.0 | global | 02:fd:3e:94:53:22 |
[   12.962883] cloud-init[990]: ci-info: | enp0s3 | True | fe80::fd:3eff:fe94:5322/64 |       .       |  link  | 02:fd:3e:94:53:22 |
[   12.973527] cloud-init[990]: ci-info: |   lo   | True |         127.0.0.1          |   255.0.0.0   |  host  |         .         |
[   12.977449] cloud-init[990]: ci-info: |   lo   | True |          ::1/128           |       .       |  host  |         .         |
[   12.989303] cloud-init[990]: ci-info: +--------+------+----------------------------+---------------+--------+-------------------+
[   12.993719] cloud-init[990]: ci-info: +++++++++++++++++++++++++++Route IPv4 info++++++++++++++++++++++++++++
[   13.002125] cloud-init[990]: ci-info: +-------+-------------+----------+---------------+-----------+-------+
[   13.005338] cloud-init[990]: ci-info: | Route | Destination | Gateway  |    Genmask    | Interface | Flags |
[   13.017311] cloud-init[990]: ci-info: +-------+-------------+----------+---------------+-----------+-------+
[   13.022194] cloud-init[990]: ci-info: |   0   |   0.0.0.0   | 10.0.2.2 |    0.0.0.0    |   enp0s3  |   UG  |
[   13.028018] cloud-init[990]: ci-info: |   1   |   10.0.2.0  | 0.0.0.0  | 255.255.255.0 |   enp0s3  |   U   |
[   13.032115] cloud-init[990]: ci-info: +-------+-------------+----------+---------------+-----------+-------+
[   13.041629] cloud-init[990]: ci-info: +++++++++++++++++++Route IPv6 info+++++++++++++++++++
[   13.052714] cloud-init[990]: ci-info: +-------+-------------+---------+-----------+-------+
[   13.055708] cloud-init[990]: ci-info: | Route | Destination | Gateway | Interface | Flags |
[   13.064115] cloud-init[990]: ci-info: +-------+-------------+---------+-----------+-------+
[   13.066769] cloud-init[990]: ci-info: |   0   |  fe80::/64  |    ::   |   enp0s3  |   U   |
[   13.071676] cloud-init[990]: ci-info: |   3   |   ff00::/8  |    ::   |   enp0s3  |   U   |
[   13.078417] cloud-init[990]: ci-info: +-------+-------------+---------+-----------+-------+
[[0;32m  OK  [0m] Started Initial cloud-init job (metadata service crawler).
[[0;32m  OK  [0m] Reached target System Initialization.
[[0;32m  OK  [0m] Started Message of the Day.
[[0;32m  OK  [0m] Started Daily apt download activities.
[[0;32m  OK  [0m] Started Daily apt upgrade and clean activities.
         Starting Socket activation for snappy daemon.
[[0;32m  OK  [0m] Listening on UUID daemon activation socket.
[[0;32m  OK  [0m] Listening on D-Bus System Message Bus Socket.
         Starting LXD - unix socket.
[[0;32m  OK  [0m] Listening on ACPID Listen Socket.
[[0;32m  OK  [0m] Started ACPI Events Check.
[[0;32m  OK  [0m] Reached target Paths.
[[0;32m  OK  [0m] Started Daily Cleanup of Temporary Directories.
[[0;32m  OK  [0m] Reached target Timers.
[[0;32m  OK  [0m] Reached target Network is Online.
         Starting iSCSI initiator daemon (iscsid)...
[[0;32m  OK  [0m] Reached target Cloud-config availability.
[[0;32m  OK  [0m] Listening on Socket activation for snappy daemon.
[[0;32m  OK  [0m] Listening on LXD - unix socket.
[[0;32m  OK  [0m] Reached target Sockets.
[[0;32m  OK  [0m] Reached target Basic System.
[[0;32m  OK  [0m] Started Regular background program processing daemon.
[[0;32m  OK  [0m] Started Deferred execution scheduler.
         Starting Accounts Service...
         Starting /etc/rc.local Compatibility...
[[0;32m  OK  [0m] Started D-Bus System Message Bus.
         Starting Virtualbox guest utils...
         Starting System Logging Service...
         Starting LSB: MD monitoring daemon...
         Starting LXD - container startup/shutdown...
[[0;32m  OK  [0m] Started FUSE filesystem for LXC.
         Starting OpenBSD Secure Shell server...
         Starting Login Service...
[[0;32m  OK  [0m] Started ACPI event daemon.
         Starting LSB: Record successful boot for GRUB...
         Starting Snappy daemon...
[[0;32m  OK  [0m] Started /etc/rc.local Compatibility.
[[0;32m  OK  [0m] Started System Logging Service.
         Starting Authenticate and Authorize Users to Run Privileged Tasks...
[[0;32m  OK  [0m] Started iSCSI initiator daemon (iscsid).
         Starting Login to default iSCSI targets...
[[0;32m  OK  [0m] Started Login Service.
[[0;32m  OK  [0m] Started Unattended Upgrades Shutdown.
[[0;32m  OK  [0m] Started LSB: Record successful boot for GRUB.
[[0;32m  OK  [0m] Started LSB: MD monitoring daemon.
[[0;32m  OK  [0m] Started Login to default iSCSI targets.
[[0;32m  OK  [0m] Started OpenBSD Secure Shell server.
[[0;32m  OK  [0m] Reached target Remote File Systems (Pre).
[[0;32m  OK  [0m] Reached target Remote File Systems.
         Starting Permit User Sessions...
         Starting LSB: daemon to balance interrupts for SMP systems...
         Starting LSB: automatic crash report generation...
         Starting LSB: Set the CPU Frequency Scaling governor to "ondemand"...
         Starting LSB: Apache2 web server...
[[0;32m  OK  [0m] Started Permit User Sessions.
[[0;32m  OK  [0m] Started Authenticate and Authorize Users to Run Privileged Tasks.
[[0;32m  OK  [0m] Started Accounts Service.
         Starting Terminate Plymouth Boot Screen...
         Starting Hold until boot process finishes up...
[[0;32m  OK  [0m] Started LSB: Set the CPU Frequency Scaling governor to "ondemand".
[[0;32m  OK  [0m] Started Terminate Plymouth Boot Screen.
[[0;32m  OK  [0m] Started Hold until boot process finishes up.
[[0;32m  OK  [0m] Started Serial Getty on ttyS0.
         Starting Set console scheme...
[[0;32m  OK  [0m] Started Getty on tty1.
[[0;32m  OK  [0m] Reached target Login Prompts.
[[0;32m  OK  [0m] Started Virtualbox guest utils.
[[0;32m  OK  [0m] Started LSB: daemon to balance interrupts for SMP systems.
[[0;32m  OK  [0m] Started Set console scheme.
[[0;32m  OK  [0m] Started LSB: automatic crash report generation.
[[0;32m  OK  [0m] Started LXD - container startup/shutdown.
[[0;32m  OK  [0m] Started Snappy daemon.
         Starting Wait until snapd is fully seeded...
[[0;32m  OK  [0m] Started Wait until snapd is fully seeded.
         Starting Apply the settings specified in cloud-config...
[[0;32m  OK  [0m] Started LSB: Apache2 web server.
[[0;32m  OK  [0m] Reached target Multi-User System.
[[0;32m  OK  [0m] Reached target Graphical Interface.
         Starting Update UTMP about System Runlevel Changes...
[[0;32m  OK  [0m] Started Update UTMP about System Runlevel Changes.
[   16.283579] cloud-init[1341]: Cloud-init v. 19.4-33-gbb4131a2-0ubuntu1~16.04.1 running 'modules:config' at Thu, 11 Jun 2020 07:51:33 +0000. Up 15.88 seconds.
[[0;32m  OK  [0m] Started Apply the settings specified in cloud-config.
         Starting Execute cloud user/final scripts...
[   17.730332] cloud-init[1357]: Cloud-init v. 19.4-33-gbb4131a2-0ubuntu1~16.04.1 running 'modules:final' at Thu, 11 Jun 2020 07:51:34 +0000. Up 17.42 seconds.
[   17.740528] cloud-init[1357]: Cloud-init v. 19.4-33-gbb4131a2-0ubuntu1~16.04.1 finished at Thu, 11 Jun 2020 07:51:34 +0000. Datasource DataSourceNoCloud [seed=/dev/sdb][dsmode=net].  Up 17.71 seconds
[[0;32m  OK  [0m] Started Execute cloud user/final scripts.
[[0;32m  OK  [0m] Reached target Cloud-init target.

Ubuntu 16.04.6 LTS ubuntu-xenial ttyS0

ubuntu-xenial login: 